# JRE version: OpenJDK Runtime Environment Temurin-21.0.6+7 (21.0.6+7) (build 21.0.6+7-LTS)
# Java VM: OpenJDK 64-Bit Server VM Temurin-21.0.6+7 (21.0.6+7-LTS, mixed mode, emulated-client, sharing, tiered, compressed oops, compressed class ptrs, g1 gc, windows-amd64)
GC Precious Log:
 CardTable entry size: 512
 Card Set container configuration: InlinePtr #cards 5 size 8 Array Of Cards #cards 12 size 40 Howl #buckets 4 coarsen threshold 1843 Howl Bitmap #cards 512 size 80 coarsen threshold 460 Card regions per heap region 1 cards per card region 2048
 CPUs: 4 total, 4 available
 Memory: 3501M
 Large Page Support: Disabled
 NUMA Support: Disabled
 Compressed Oops: Enabled (32-bit)
 Heap Region Size: 1M
 Heap Min Capacity: 8M
 Heap Initial Capacity: 56M
 Heap Max Capacity: 876M
 Pre-touch: Disabled
 Parallel Workers: 4
 Concurrent Workers: 1
 Concurrent Refinement Workers: 4
 Periodic GC: Disabled
Heap:
 garbage-first heap   total 57344K, used 37539K [0x00000000c9400000, 0x0000000100000000)
  region size 1024K, 17 young (17408K), 3 survivors (3072K)
 Metaspace       used 12123K, committed 12416K, reserved 1114112K
  class space    used 1527K, committed 1664K, reserved 1048576K
GC Heap History (8 events):
Event: 6.728 GC heap before
{Heap before GC invocations=0 (full 0):
 garbage-first heap   total 57344K, used 17408K [0x00000000c9400000, 0x0000000100000000)
  region size 1024K, 13 young (13312K), 0 survivors (0K)
 Metaspace       used 2226K, committed 2432K, reserved 1114112K
  class space    used 254K, committed 320K, reserved 1048576K
}
Event: 6.833 GC heap after
{Heap after GC invocations=1 (full 0):
 garbage-first heap   total 57344K, used 11264K [0x00000000c9400000, 0x0000000100000000)
  region size 1024K, 2 young (2048K), 2 survivors (2048K)
 Metaspace       used 2226K, committed 2432K, reserved 1114112K
  class space    used 254K, committed 320K, reserved 1048576K
}
Event: 15.605 GC heap before
{Heap before GC invocations=1 (full 0):
 garbage-first heap   total 57344K, used 19456K [0x00000000c9400000, 0x0000000100000000)
  region size 1024K, 10 young (10240K), 2 survivors (2048K)
 Metaspace       used 5944K, committed 6208K, reserved 1114112K
  class space    used 703K, committed 832K, reserved 1048576K
}
Event: 15.618 GC heap after
{Heap after GC invocations=2 (full 0):
 garbage-first heap   total 57344K, used 12840K [0x00000000c9400000, 0x0000000100000000)
  region size 1024K, 2 young (2048K), 2 survivors (2048K)
 Metaspace       used 5944K, committed 6208K, reserved 1114112K
  class space    used 703K, committed 832K, reserved 1048576K
}
Event: 20.765 GC heap before
{Heap before GC invocations=2 (full 0):
 garbage-first heap   total 57344K, used 30248K [0x00000000c9400000, 0x0000000100000000)
  region size 1024K, 16 young (16384K), 2 survivors (2048K)
 Metaspace       used 8172K, committed 8448K, reserved 1114112K
  class space    used 979K, committed 1088K, reserved 1048576K
}
Event: 20.786 GC heap after
{Heap after GC invocations=3 (full 0):
 garbage-first heap   total 57344K, used 21089K [0x00000000c9400000, 0x0000000100000000)
  region size 1024K, 2 young (2048K), 2 survivors (2048K)
 Metaspace       used 8172K, committed 8448K, reserved 1114112K
  class space    used 979K, committed 1088K, reserved 1048576K
}
Event: 24.444 GC heap before
{Heap before GC invocations=3 (full 0):
 garbage-first heap   total 57344K, used 37473K [0x00000000c9400000, 0x0000000100000000)
  region size 1024K, 18 young (18432K), 2 survivors (2048K)
 Metaspace       used 9685K, committed 9984K, reserved 1114112K
  class space    used 1177K, committed 1280K, reserved 1048576K
}
Event: 24.461 GC heap after
{Heap after GC invocations=4 (full 0):
 garbage-first heap   total 57344K, used 25251K [0x00000000c9400000, 0x0000000100000000)
  region size 1024K, 3 young (3072K), 3 survivors (3072K)
 Metaspace       used 9685K, committed 9984K, reserved 1114112K
  class space    used 1177K, committed 1280K, reserved 1048576K
}

